<?xml version="1.0" encoding="UTF-8"?>
<robot generator="Robot 4.1.3 (Python 3.10.0 on win32)" generated="20220110 19:57:13.441" rpa="false" schemaversion="2">
<suite id="s1" name="WebTestCases" source="C:\Users\Animesh_Mukherjee\PycharmProjects\Python_Robot_Level2\Tests\WebTestCases.Robot">
<test id="s1-t1" name="Testing a True IF statement">
<kw name="Run Keyword If" library="BuiltIn">
<arg>${MY_VALUE} &gt; 50</arg>
<arg>Keyword 1</arg>
<arg>ELSE IF ${MY_VALUE} == 50</arg>
<arg>Keyword 3</arg>
<arg>ELSE</arg>
<arg>Keyword 2</arg>
<doc>Runs the given keyword with the given arguments, if ``condition`` is true.</doc>
<kw name="Keyword 2">
<kw name="Log" library="BuiltIn">
<arg>Keyword 2</arg>
<doc>Logs the given message with the given level.</doc>
<msg timestamp="20220110 19:57:13.465" level="INFO">Keyword 2</msg>
<status status="PASS" starttime="20220110 19:57:13.465" endtime="20220110 19:57:13.465"/>
</kw>
<status status="PASS" starttime="20220110 19:57:13.465" endtime="20220110 19:57:13.465"/>
</kw>
<status status="PASS" starttime="20220110 19:57:13.464" endtime="20220110 19:57:13.465"/>
</kw>
<status status="PASS" starttime="20220110 19:57:13.464" endtime="20220110 19:57:13.466"/>
</test>
<test id="s1-t2" name="Testing a Loop Statement">
<for flavor="IN RANGE">
<var>${ITEM}</var>
<value>5</value>
<iter>
<var name="${ITEM}">0</var>
<kw name="Log" library="BuiltIn">
<arg>${ITEM}</arg>
<doc>Logs the given message with the given level.</doc>
<msg timestamp="20220110 19:57:13.468" level="INFO">0</msg>
<status status="PASS" starttime="20220110 19:57:13.468" endtime="20220110 19:57:13.468"/>
</kw>
<status status="PASS" starttime="20220110 19:57:13.468" endtime="20220110 19:57:13.468"/>
</iter>
<iter>
<var name="${ITEM}">1</var>
<kw name="Log" library="BuiltIn">
<arg>${ITEM}</arg>
<doc>Logs the given message with the given level.</doc>
<msg timestamp="20220110 19:57:13.468" level="INFO">1</msg>
<status status="PASS" starttime="20220110 19:57:13.468" endtime="20220110 19:57:13.468"/>
</kw>
<status status="PASS" starttime="20220110 19:57:13.468" endtime="20220110 19:57:13.468"/>
</iter>
<iter>
<var name="${ITEM}">2</var>
<kw name="Log" library="BuiltIn">
<arg>${ITEM}</arg>
<doc>Logs the given message with the given level.</doc>
<msg timestamp="20220110 19:57:13.468" level="INFO">2</msg>
<status status="PASS" starttime="20220110 19:57:13.468" endtime="20220110 19:57:13.468"/>
</kw>
<status status="PASS" starttime="20220110 19:57:13.468" endtime="20220110 19:57:13.468"/>
</iter>
<iter>
<var name="${ITEM}">3</var>
<kw name="Log" library="BuiltIn">
<arg>${ITEM}</arg>
<doc>Logs the given message with the given level.</doc>
<msg timestamp="20220110 19:57:13.469" level="INFO">3</msg>
<status status="PASS" starttime="20220110 19:57:13.468" endtime="20220110 19:57:13.469"/>
</kw>
<status status="PASS" starttime="20220110 19:57:13.468" endtime="20220110 19:57:13.469"/>
</iter>
<iter>
<var name="${ITEM}">4</var>
<kw name="Log" library="BuiltIn">
<arg>${ITEM}</arg>
<doc>Logs the given message with the given level.</doc>
<msg timestamp="20220110 19:57:13.469" level="INFO">4</msg>
<status status="PASS" starttime="20220110 19:57:13.469" endtime="20220110 19:57:13.469"/>
</kw>
<status status="PASS" starttime="20220110 19:57:13.469" endtime="20220110 19:57:13.469"/>
</iter>
<status status="PASS" starttime="20220110 19:57:13.468" endtime="20220110 19:57:13.469"/>
</for>
<status status="PASS" starttime="20220110 19:57:13.467" endtime="20220110 19:57:13.469"/>
</test>
<test id="s1-t3" name="Testing a Loop Statement using list">
<kw name="Create List" library="BuiltIn">
<var>@{MY_LIST}</var>
<arg>cat</arg>
<arg>dog</arg>
<arg>elephant</arg>
<doc>Returns a list containing given items.</doc>
<msg timestamp="20220110 19:57:13.471" level="INFO">@{MY_LIST} = [ cat | dog | elephant ]</msg>
<status status="PASS" starttime="20220110 19:57:13.471" endtime="20220110 19:57:13.471"/>
</kw>
<for flavor="IN">
<var>${ITEM}</var>
<value>@{MY_LIST}</value>
<iter>
<var name="${ITEM}">cat</var>
<kw name="Log" library="BuiltIn">
<arg>${ITEM}</arg>
<doc>Logs the given message with the given level.</doc>
<msg timestamp="20220110 19:57:13.472" level="INFO">cat</msg>
<status status="PASS" starttime="20220110 19:57:13.472" endtime="20220110 19:57:13.472"/>
</kw>
<status status="PASS" starttime="20220110 19:57:13.471" endtime="20220110 19:57:13.472"/>
</iter>
<iter>
<var name="${ITEM}">dog</var>
<kw name="Log" library="BuiltIn">
<arg>${ITEM}</arg>
<doc>Logs the given message with the given level.</doc>
<msg timestamp="20220110 19:57:13.472" level="INFO">dog</msg>
<status status="PASS" starttime="20220110 19:57:13.472" endtime="20220110 19:57:13.472"/>
</kw>
<status status="PASS" starttime="20220110 19:57:13.472" endtime="20220110 19:57:13.472"/>
</iter>
<iter>
<var name="${ITEM}">elephant</var>
<kw name="Log" library="BuiltIn">
<arg>${ITEM}</arg>
<doc>Logs the given message with the given level.</doc>
<msg timestamp="20220110 19:57:13.472" level="INFO">elephant</msg>
<status status="PASS" starttime="20220110 19:57:13.472" endtime="20220110 19:57:13.472"/>
</kw>
<status status="PASS" starttime="20220110 19:57:13.472" endtime="20220110 19:57:13.472"/>
</iter>
<status status="PASS" starttime="20220110 19:57:13.471" endtime="20220110 19:57:13.472"/>
</for>
<status status="PASS" starttime="20220110 19:57:13.470" endtime="20220110 19:57:13.473"/>
</test>
<test id="s1-t4" name="Testing a dictionary creation">
<kw name="Create Dictionary" library="BuiltIn">
<var>&amp;{MY_DICT}</var>
<arg>dev=dev.url.com</arg>
<arg>test=qa.url.com</arg>
<arg>prod=www.url.com</arg>
<doc>Creates and returns a dictionary based on the given ``items``.</doc>
<msg timestamp="20220110 19:57:13.474" level="INFO">&amp;{MY_DICT} = { dev=dev.url.com | test=qa.url.com | prod=www.url.com }</msg>
<status status="PASS" starttime="20220110 19:57:13.474" endtime="20220110 19:57:13.474"/>
</kw>
<kw name="Log" library="BuiltIn">
<arg>${MY_DICT.test}</arg>
<doc>Logs the given message with the given level.</doc>
<msg timestamp="20220110 19:57:13.475" level="INFO">qa.url.com</msg>
<status status="PASS" starttime="20220110 19:57:13.475" endtime="20220110 19:57:13.475"/>
</kw>
<status status="PASS" starttime="20220110 19:57:13.474" endtime="20220110 19:57:13.475"/>
</test>
<status status="PASS" starttime="20220110 19:57:13.447" endtime="20220110 19:57:13.476"/>
</suite>
<statistics>
<total>
<stat pass="4" fail="0" skip="0">All Tests</stat>
</total>
<tag>
</tag>
<suite>
<stat pass="4" fail="0" skip="0" id="s1" name="WebTestCases">WebTestCases</stat>
</suite>
</statistics>
<errors>
</errors>
</robot>
